[0405/105218.710:ERROR:process_reader_win.cc(151)] SuspendThread: Access is denied. (0x5)
[0405/105218.711:ERROR:exception_snapshot_win.cc(98)] thread ID 6320 not found in process
[0405/105218.711:ERROR:scoped_process_suspend.cc(40)] NtResumeProcess: An attempt was made to access an exiting process. (0xc000010a)
[0406/194948.551:ERROR:process_reader_win.cc(151)] SuspendThread: Access is denied. (0x5)
[0406/194948.552:ERROR:exception_snapshot_win.cc(98)] thread ID 11956 not found in process
[0406/194948.552:ERROR:scoped_process_suspend.cc(40)] NtResumeProcess: An attempt was made to access an exiting process. (0xc000010a)
[0406/195011.421:ERROR:process_memory_win.cc(73)] ReadMemory at 0xe5c4300000 of 1048576 bytes failed: Only part of a ReadProcessMemory or WriteProcessMemory request was completed. (0x12B)
[0406/195011.428:ERROR:process_memory_win.cc(73)] ReadMemory at 0xe5bb28d000 of 852 bytes failed: Only part of a ReadProcessMemory or WriteProcessMemory request was completed. (0x12B)
[0406/195011.429:ERROR:process_memory_win.cc(73)] ReadMemory at 0xe5bb2b0000 of 6024 bytes failed: Only part of a ReadProcessMemory or WriteProcessMemory request was completed. (0x12B)
[0406/195011.429:ERROR:process_memory_win.cc(73)] ReadMemory at 0x203bef10fe0 of 25790 bytes failed: Only part of a ReadProcessMemory or WriteProcessMemory request was completed. (0x12B)
[0406/195011.429:ERROR:process_memory_win.cc(73)] ReadMemory at 0x203bef174b0 of 1012 bytes failed: Only part of a ReadProcessMemory or WriteProcessMemory request was completed. (0x12B)
[0406/195011.430:ERROR:process_memory_win.cc(73)] ReadMemory at 0x203bef17af8 of 118 bytes failed: Only part of a ReadProcessMemory or WriteProcessMemory request was completed. (0x12B)
[0406/195011.430:ERROR:process_memory_win.cc(73)] ReadMemory at 0x203bef17b70 of 1306 bytes failed: Only part of a ReadProcessMemory or WriteProcessMemory request was completed. (0x12B)
[0406/195011.430:ERROR:process_memory_win.cc(73)] ReadMemory at 0x203bef1808c of 118 bytes failed: Only part of a ReadProcessMemory or WriteProcessMemory request was completed. (0x12B)
[0406/195011.430:ERROR:process_memory_win.cc(73)] ReadMemory at 0x203bef18104 of 102 bytes failed: Only part of a ReadProcessMemory or WriteProcessMemory request was completed. (0x12B)
[0406/195011.430:ERROR:process_memory_win.cc(73)] ReadMemory at 0x203bef18180 of 58 bytes failed: Only part of a ReadProcessMemory or WriteProcessMemory request was completed. (0x12B)
[0406/195011.430:ERROR:process_memory_win.cc(73)] ReadMemory at 0x203bef18280 of 132 bytes failed: Only part of a ReadProcessMemory or WriteProcessMemory request was completed. (0x12B)
[0406/195011.430:ERROR:process_memory_win.cc(73)] ReadMemory at 0x203bef18410 of 132 bytes failed: Only part of a ReadProcessMemory or WriteProcessMemory request was completed. (0x12B)
[0406/195011.430:ERROR:process_memory_win.cc(73)] ReadMemory at 0x203bef185d0 of 126 bytes failed: Only part of a ReadProcessMemory or WriteProcessMemory request was completed. (0x12B)
[0406/195011.430:ERROR:process_memory_win.cc(73)] ReadMemory at 0x203bef189b0 of 132 bytes failed: Only part of a ReadProcessMemory or WriteProcessMemory request was completed. (0x12B)
[0406/195011.431:ERROR:process_memory_win.cc(73)] ReadMemory at 0x203bef18b40 of 64 bytes failed: Only part of a ReadProcessMemory or WriteProcessMemory request was completed. (0x12B)
[0406/195011.431:ERROR:process_memory_win.cc(73)] ReadMemory at 0x203bef18b90 of 132 bytes failed: Only part of a ReadProcessMemory or WriteProcessMemory request was completed. (0x12B)
[0406/195011.431:ERROR:process_memory_win.cc(73)] ReadMemory at 0x203bef18d00 of 132 bytes failed: Only part of a ReadProcessMemory or WriteProcessMemory request was completed. (0x12B)
[0406/195011.431:ERROR:process_memory_win.cc(73)] ReadMemory at 0x203bef18fa0 of 132 bytes failed: Only part of a ReadProcessMemory or WriteProcessMemory request was completed. (0x12B)
[0406/195011.431:ERROR:process_memory_win.cc(73)] ReadMemory at 0x203bef19130 of 68 bytes failed: Only part of a ReadProcessMemory or WriteProcessMemory request was completed. (0x12B)
[0406/195011.431:ERROR:process_memory_win.cc(73)] ReadMemory at 0x203bef1a310 of 132 bytes failed: Only part of a ReadProcessMemory or WriteProcessMemory request was completed. (0x12B)
[0406/195011.431:ERROR:process_memory_win.cc(73)] ReadMemory at 0x203bef1a4a0 of 154 bytes failed: Only part of a ReadProcessMemory or WriteProcessMemory request was completed. (0x12B)
[0406/195011.431:ERROR:process_memory_win.cc(73)] ReadMemory at 0x203bef1c130 of 132 bytes failed: Only part of a ReadProcessMemory or WriteProcessMemory request was completed. (0x12B)
[0406/195011.431:ERROR:process_memory_win.cc(73)] ReadMemory at 0x203bef1c2c0 of 80 bytes failed: Only part of a ReadProcessMemory or WriteProcessMemory request was completed. (0x12B)
[0406/195011.431:ERROR:process_memory_win.cc(73)] ReadMemory at 0x203bef1d6a0 of 62 bytes failed: Only part of a ReadProcessMemory or WriteProcessMemory request was completed. (0x12B)
[0406/195011.432:ERROR:process_memory_win.cc(73)] ReadMemory at 0x203bef1d6f0 of 146 bytes failed: Only part of a ReadProcessMemory or WriteProcessMemory request was completed. (0x12B)
[0406/195011.432:ERROR:process_memory_win.cc(73)] ReadMemory at 0x203bef1d7d0 of 132 bytes failed: Only part of a ReadProcessMemory or WriteProcessMemory request was completed. (0x12B)
[0406/195011.432:ERROR:process_memory_win.cc(73)] ReadMemory at 0x203bef1d960 of 60 bytes failed: Only part of a ReadProcessMemory or WriteProcessMemory request was completed. (0x12B)
[0406/195011.432:ERROR:process_memory_win.cc(73)] ReadMemory at 0x203bef20310 of 62 bytes failed: Only part of a ReadProcessMemory or WriteProcessMemory request was completed. (0x12B)
[0406/195011.432:ERROR:process_memory_win.cc(73)] ReadMemory at 0x203bef20450 of 60 bytes failed: Only part of a ReadProcessMemory or WriteProcessMemory request was completed. (0x12B)
[0406/195011.432:ERROR:process_memory_win.cc(73)] ReadMemory at 0x203bef204f0 of 64 bytes failed: Only part of a ReadProcessMemory or WriteProcessMemory request was completed. (0x12B)
[0406/195011.432:ERROR:process_memory_win.cc(73)] ReadMemory at 0x203bef20540 of 64 bytes failed: Only part of a ReadProcessMemory or WriteProcessMemory request was completed. (0x12B)
[0406/195011.432:ERROR:process_memory_win.cc(73)] ReadMemory at 0x203bef20590 of 62 bytes failed: Only part of a ReadProcessMemory or WriteProcessMemory request was completed. (0x12B)
[0406/195011.432:ERROR:process_memory_win.cc(73)] ReadMemory at 0x203bef205e0 of 64 bytes failed: Only part of a ReadProcessMemory or WriteProcessMemory request was completed. (0x12B)
[0406/195011.432:ERROR:process_memory_win.cc(73)] ReadMemory at 0x203bef20680 of 64 bytes failed: Only part of a ReadProcessMemory or WriteProcessMemory request was completed. (0x12B)
[0406/195011.432:ERROR:process_memory_win.cc(73)] ReadMemory at 0x203bef20720 of 66 bytes failed: Only part of a ReadProcessMemory or WriteProcessMemory request was completed. (0x12B)
[0406/195011.433:ERROR:process_memory_win.cc(73)] ReadMemory at 0x203bef209f0 of 60 bytes failed: Only part of a ReadProcessMemory or WriteProcessMemory request was completed. (0x12B)
[0406/195011.433:ERROR:process_memory_win.cc(73)] ReadMemory at 0x203bef217d0 of 54 bytes failed: Only part of a ReadProcessMemory or WriteProcessMemory request was completed. (0x12B)
[0406/195011.433:ERROR:process_memory_win.cc(73)] ReadMemory at 0x203bef234f0 of 132 bytes failed: Only part of a ReadProcessMemory or WriteProcessMemory request was completed. (0x12B)
[0406/195011.433:ERROR:process_memory_win.cc(73)] ReadMemory at 0x203bef23620 of 132 bytes failed: Only part of a ReadProcessMemory or WriteProcessMemory request was completed. (0x12B)
[0406/195011.433:ERROR:process_memory_win.cc(73)] ReadMemory at 0x203bef23750 of 132 bytes failed: Only part of a ReadProcessMemory or WriteProcessMemory request was completed. (0x12B)
[0406/195011.433:ERROR:process_memory_win.cc(73)] ReadMemory at 0x203bef23880 of 132 bytes failed: Only part of a ReadProcessMemory or WriteProcessMemory request was completed. (0x12B)
[0406/195011.433:ERROR:process_memory_win.cc(73)] ReadMemory at 0x203bef23ae0 of 132 bytes failed: Only part of a ReadProcessMemory or WriteProcessMemory request was completed. (0x12B)
[0406/195011.434:ERROR:process_memory_win.cc(73)] ReadMemory at 0x203bef23c10 of 132 bytes failed: Only part of a ReadProcessMemory or WriteProcessMemory request was completed. (0x12B)
[0406/195011.434:ERROR:process_memory_win.cc(73)] ReadMemory at 0x203bef23d40 of 132 bytes failed: Only part of a ReadProcessMemory or WriteProcessMemory request was completed. (0x12B)
[0406/195011.434:ERROR:process_memory_win.cc(73)] ReadMemory at 0x203bef23e70 of 132 bytes failed: Only part of a ReadProcessMemory or WriteProcessMemory request was completed. (0x12B)
[0406/195011.434:ERROR:process_memory_win.cc(73)] ReadMemory at 0x203bef23fa0 of 132 bytes failed: Only part of a ReadProcessMemory or WriteProcessMemory request was completed. (0x12B)
[0406/195011.434:ERROR:process_memory_win.cc(73)] ReadMemory at 0x203bef240d0 of 132 bytes failed: Only part of a ReadProcessMemory or WriteProcessMemory request was completed. (0x12B)
[0406/195011.434:ERROR:process_memory_win.cc(73)] ReadMemory at 0x203bef24200 of 132 bytes failed: Only part of a ReadProcessMemory or WriteProcessMemory request was completed. (0x12B)
[0406/195011.434:ERROR:process_memory_win.cc(73)] ReadMemory at 0x203bef24330 of 132 bytes failed: Only part of a ReadProcessMemory or WriteProcessMemory request was completed. (0x12B)
[0406/195011.434:ERROR:process_memory_win.cc(73)] ReadMemory at 0x203bef25c80 of 132 bytes failed: Only part of a ReadProcessMemory or WriteProcessMemory request was completed. (0x12B)
[0406/195011.434:ERROR:process_memory_win.cc(73)] ReadMemory at 0x203bef27480 of 132 bytes failed: Only part of a ReadProcessMemory or WriteProcessMemory request was completed. (0x12B)
[0406/195011.434:ERROR:process_memory_win.cc(73)] ReadMemory at 0x203bef276a0 of 132 bytes failed: Only part of a ReadProcessMemory or WriteProcessMemory request was completed. (0x12B)
[0406/195011.434:ERROR:process_memory_win.cc(73)] ReadMemory at 0x203bef27a00 of 132 bytes failed: Only part of a ReadProcessMemory or WriteProcessMemory request was completed. (0x12B)
[0406/195011.435:ERROR:process_memory_win.cc(73)] ReadMemory at 0x203bef27c10 of 132 bytes failed: Only part of a ReadProcessMemory or WriteProcessMemory request was completed. (0x12B)
[0406/195011.435:ERROR:process_memory_win.cc(73)] ReadMemory at 0x203bef29c30 of 76 bytes failed: Only part of a ReadProcessMemory or WriteProcessMemory request was completed. (0x12B)
[0406/195011.435:ERROR:process_memory_win.cc(73)] ReadMemory at 0x203bef29db0 of 80 bytes failed: Only part of a ReadProcessMemory or WriteProcessMemory request was completed. (0x12B)
[0406/195011.435:ERROR:process_memory_win.cc(73)] ReadMemory at 0x203bef2a350 of 78 bytes failed: Only part of a ReadProcessMemory or WriteProcessMemory request was completed. (0x12B)
[0406/195011.435:ERROR:process_memory_win.cc(73)] ReadMemory at 0x203bef2a870 of 66 bytes failed: Only part of a ReadProcessMemory or WriteProcessMemory request was completed. (0x12B)
[0406/195011.435:ERROR:process_memory_win.cc(73)] ReadMemory at 0x203bef2ab90 of 62 bytes failed: Only part of a ReadProcessMemory or WriteProcessMemory request was completed. (0x12B)
[0406/195011.435:ERROR:process_memory_win.cc(73)] ReadMemory at 0x203bef2ad70 of 60 bytes failed: Only part of a ReadProcessMemory or WriteProcessMemory request was completed. (0x12B)
[0406/195011.435:ERROR:process_memory_win.cc(73)] ReadMemory at 0x203bef2aeb0 of 60 bytes failed: Only part of a ReadProcessMemory or WriteProcessMemory request was completed. (0x12B)
[0406/195011.435:ERROR:process_memory_win.cc(73)] ReadMemory at 0x203bef2af00 of 64 bytes failed: Only part of a ReadProcessMemory or WriteProcessMemory request was completed. (0x12B)
[0406/195011.435:ERROR:process_memory_win.cc(73)] ReadMemory at 0x203bef2aff0 of 62 bytes failed: Only part of a ReadProcessMemory or WriteProcessMemory request was completed. (0x12B)
[0406/195011.435:ERROR:process_memory_win.cc(73)] ReadMemory at 0x203bef2b040 of 64 bytes failed: Only part of a ReadProcessMemory or WriteProcessMemory request was completed. (0x12B)
[0406/195011.436:ERROR:process_memory_win.cc(73)] ReadMemory at 0x203bef2b090 of 64 bytes failed: Only part of a ReadProcessMemory or WriteProcessMemory request was completed. (0x12B)
[0406/195011.436:ERROR:process_memory_win.cc(73)] ReadMemory at 0x203bef2b0e0 of 62 bytes failed: Only part of a ReadProcessMemory or WriteProcessMemory request was completed. (0x12B)
[0406/195011.436:ERROR:process_memory_win.cc(73)] ReadMemory at 0x203bef2b1d0 of 58 bytes failed: Only part of a ReadProcessMemory or WriteProcessMemory request was completed. (0x12B)
[0406/195011.436:ERROR:process_memory_win.cc(73)] ReadMemory at 0x203bef2b220 of 60 bytes failed: Only part of a ReadProcessMemory or WriteProcessMemory request was completed. (0x12B)
[0406/195011.436:ERROR:process_memory_win.cc(73)] ReadMemory at 0x203bef2b270 of 62 bytes failed: Only part of a ReadProcessMemory or WriteProcessMemory request was completed. (0x12B)
[0406/195011.436:ERROR:process_memory_win.cc(73)] ReadMemory at 0x203bef2b2c0 of 62 bytes failed: Only part of a ReadProcessMemory or WriteProcessMemory request was completed. (0x12B)
[0406/195011.436:ERROR:process_memory_win.cc(73)] ReadMemory at 0x203bef2b310 of 62 bytes failed: Only part of a ReadProcessMemory or WriteProcessMemory request was completed. (0x12B)
[0406/195011.436:ERROR:process_memory_win.cc(73)] ReadMemory at 0x203bef2b450 of 64 bytes failed: Only part of a ReadProcessMemory or WriteProcessMemory request was completed. (0x12B)
[0406/195011.436:ERROR:process_memory_win.cc(73)] ReadMemory at 0x203bef2b4f0 of 62 bytes failed: Only part of a ReadProcessMemory or WriteProcessMemory request was completed. (0x12B)
[0406/195011.436:ERROR:process_memory_win.cc(73)] ReadMemory at 0x203bef2b590 of 60 bytes failed: Only part of a ReadProcessMemory or WriteProcessMemory request was completed. (0x12B)
[0406/195011.436:ERROR:process_memory_win.cc(73)] ReadMemory at 0x203bef2b680 of 62 bytes failed: Only part of a ReadProcessMemory or WriteProcessMemory request was completed. (0x12B)
[0406/195011.437:ERROR:process_memory_win.cc(73)] ReadMemory at 0x203bef2dde0 of 132 bytes failed: Only part of a ReadProcessMemory or WriteProcessMemory request was completed. (0x12B)
[0406/195011.437:ERROR:process_memory_win.cc(73)] ReadMemory at 0x203bef2e130 of 132 bytes failed: Only part of a ReadProcessMemory or WriteProcessMemory request was completed. (0x12B)
[0406/195011.437:ERROR:process_memory_win.cc(73)] ReadMemory at 0x203bef2ec20 of 132 bytes failed: Only part of a ReadProcessMemory or WriteProcessMemory request was completed. (0x12B)
[0406/195011.437:ERROR:process_memory_win.cc(73)] ReadMemory at 0x203bef2ffc0 of 132 bytes failed: Only part of a ReadProcessMemory or WriteProcessMemory request was completed. (0x12B)
[0406/195011.437:ERROR:process_memory_win.cc(73)] ReadMemory at 0x203bef300f0 of 132 bytes failed: Only part of a ReadProcessMemory or WriteProcessMemory request was completed. (0x12B)
[0406/195011.437:ERROR:process_memory_win.cc(73)] ReadMemory at 0x203bef30480 of 132 bytes failed: Only part of a ReadProcessMemory or WriteProcessMemory request was completed. (0x12B)
[0406/195011.437:ERROR:process_memory_win.cc(73)] ReadMemory at 0x203bef305b0 of 132 bytes failed: Only part of a ReadProcessMemory or WriteProcessMemory request was completed. (0x12B)
[0406/195011.437:ERROR:process_memory_win.cc(73)] ReadMemory at 0x203bef306e0 of 132 bytes failed: Only part of a ReadProcessMemory or WriteProcessMemory request was completed. (0x12B)
[0406/195011.437:ERROR:process_memory_win.cc(73)] ReadMemory at 0x203bef30810 of 132 bytes failed: Only part of a ReadProcessMemory or WriteProcessMemory request was completed. (0x12B)
[0406/195011.437:ERROR:process_memory_win.cc(73)] ReadMemory at 0x203bef30940 of 132 bytes failed: Only part of a ReadProcessMemory or WriteProcessMemory request was completed. (0x12B)
[0406/195011.438:ERROR:process_memory_win.cc(73)] ReadMemory at 0x203bef30a70 of 132 bytes failed: Only part of a ReadProcessMemory or WriteProcessMemory request was completed. (0x12B)
[0406/195011.438:ERROR:process_memory_win.cc(73)] ReadMemory at 0x203bef30ba0 of 132 bytes failed: Only part of a ReadProcessMemory or WriteProcessMemory request was completed. (0x12B)
[0406/195011.438:ERROR:process_memory_win.cc(73)] ReadMemory at 0x203bef30cd0 of 132 bytes failed: Only part of a ReadProcessMemory or WriteProcessMemory request was completed. (0x12B)
[0406/195011.438:ERROR:process_memory_win.cc(73)] ReadMemory at 0x203bef30e00 of 132 bytes failed: Only part of a ReadProcessMemory or WriteProcessMemory request was completed. (0x12B)
[0406/195011.438:ERROR:process_memory_win.cc(73)] ReadMemory at 0x203bef31060 of 132 bytes failed: Only part of a ReadProcessMemory or WriteProcessMemory request was completed. (0x12B)
[0406/195011.438:ERROR:process_memory_win.cc(73)] ReadMemory at 0x203bef31190 of 132 bytes failed: Only part of a ReadProcessMemory or WriteProcessMemory request was completed. (0x12B)
[0406/195011.438:ERROR:process_memory_win.cc(73)] ReadMemory at 0x203bef312c0 of 132 bytes failed: Only part of a ReadProcessMemory or WriteProcessMemory request was completed. (0x12B)
[0406/195011.438:ERROR:process_memory_win.cc(73)] ReadMemory at 0x203bef313f0 of 132 bytes failed: Only part of a ReadProcessMemory or WriteProcessMemory request was completed. (0x12B)
[0406/195011.438:ERROR:process_memory_win.cc(73)] ReadMemory at 0x203bef31520 of 132 bytes failed: Only part of a ReadProcessMemory or WriteProcessMemory request was completed. (0x12B)
[0406/195011.438:ERROR:process_memory_win.cc(73)] ReadMemory at 0x203bef31650 of 132 bytes failed: Only part of a ReadProcessMemory or WriteProcessMemory request was completed. (0x12B)
[0406/195011.438:ERROR:process_memory_win.cc(73)] ReadMemory at 0x203bef31780 of 132 bytes failed: Only part of a ReadProcessMemory or WriteProcessMemory request was completed. (0x12B)
[0406/195011.439:ERROR:process_memory_win.cc(73)] ReadMemory at 0x203bef31b10 of 132 bytes failed: Only part of a ReadProcessMemory or WriteProcessMemory request was completed. (0x12B)
[0406/195011.439:ERROR:process_memory_win.cc(73)] ReadMemory at 0x203bef31c40 of 132 bytes failed: Only part of a ReadProcessMemory or WriteProcessMemory request was completed. (0x12B)
[0406/195011.439:ERROR:process_memory_win.cc(73)] ReadMemory at 0x203bef31d70 of 132 bytes failed: Only part of a ReadProcessMemory or WriteProcessMemory request was completed. (0x12B)
[0406/195011.439:ERROR:process_memory_win.cc(73)] ReadMemory at 0x203bef3aab0 of 62 bytes failed: Only part of a ReadProcessMemory or WriteProcessMemory request was completed. (0x12B)
[0406/195011.439:ERROR:process_memory_win.cc(73)] ReadMemory at 0x203bef3ab00 of 58 bytes failed: Only part of a ReadProcessMemory or WriteProcessMemory request was completed. (0x12B)
[0406/195011.439:ERROR:process_memory_win.cc(73)] ReadMemory at 0x203bef3abf0 of 62 bytes failed: Only part of a ReadProcessMemory or WriteProcessMemory request was completed. (0x12B)
[0406/195011.439:ERROR:process_memory_win.cc(73)] ReadMemory at 0x203bef3ace0 of 58 bytes failed: Only part of a ReadProcessMemory or WriteProcessMemory request was completed. (0x12B)
[0406/195011.439:ERROR:process_memory_win.cc(73)] ReadMemory at 0x203bef3aec0 of 64 bytes failed: Only part of a ReadProcessMemory or WriteProcessMemory request was completed. (0x12B)
[0406/195011.439:ERROR:process_memory_win.cc(73)] ReadMemory at 0x203bef3b050 of 58 bytes failed: Only part of a ReadProcessMemory or WriteProcessMemory request was completed. (0x12B)
[0406/195011.439:ERROR:process_memory_win.cc(73)] ReadMemory at 0x203bef3b460 of 62 bytes failed: Only part of a ReadProcessMemory or WriteProcessMemory request was completed. (0x12B)
[0406/195011.439:ERROR:process_memory_win.cc(73)] ReadMemory at 0x203bef3b5f0 of 66 bytes failed: Only part of a ReadProcessMemory or WriteProcessMemory request was completed. (0x12B)
[0406/195011.440:ERROR:process_memory_win.cc(73)] ReadMemory at 0x203bef3b7d0 of 60 bytes failed: Only part of a ReadProcessMemory or WriteProcessMemory request was completed. (0x12B)
[0406/195011.440:ERROR:process_memory_win.cc(73)] ReadMemory at 0x203bef3b820 of 60 bytes failed: Only part of a ReadProcessMemory or WriteProcessMemory request was completed. (0x12B)
[0406/195011.440:ERROR:process_memory_win.cc(73)] ReadMemory at 0x7ff880f10000 of 384 bytes failed: Only part of a ReadProcessMemory or WriteProcessMemory request was completed. (0x12B)
[0406/195011.440:ERROR:process_memory_win.cc(73)] ReadMemory at 0x7ff88163dff8 of 512 bytes failed: Only part of a ReadProcessMemory or WriteProcessMemory request was completed. (0x12B)
[0406/195011.440:ERROR:process_memory_win.cc(73)] ReadMemory at 0x7ff8871324c4 of 512 bytes failed: Only part of a ReadProcessMemory or WriteProcessMemory request was completed. (0x12B)
[0406/195011.440:ERROR:process_memory_win.cc(73)] ReadMemory at 0x7ff8e77bb720 of 512 bytes failed: Only part of a ReadProcessMemory or WriteProcessMemory request was completed. (0x12B)
[0406/195011.442:ERROR:scoped_process_suspend.cc(40)] NtResumeProcess: An attempt was made to access an exiting process. (0xc000010a)
[0407/181605.639:ERROR:process_memory_win.cc(73)] ReadMemory at 0x2713a2e38e0 of 72 bytes failed: Only part of a ReadProcessMemory or WriteProcessMemory request was completed. (0x12B)
[0407/181605.641:WARNING:pe_image_annotations_reader.cc(134)] could not read annotations list object in C:\Program Files (x86)\Google\Chrome\Application\80.0.3987.149\chrome_elf.dll
[0407/181605.641:ERROR:process_memory_win.cc(73)] ReadMemory at 0x2713a2fab20 of 72 bytes failed: Only part of a ReadProcessMemory or WriteProcessMemory request was completed. (0x12B)
[0407/181605.641:WARNING:pe_image_annotations_reader.cc(134)] could not read annotations list object in C:\Program Files (x86)\Google\Chrome\Application\80.0.3987.149\chrome.dll
[0408/230634.255:ERROR:process_memory_win.cc(73)] ReadMemory at 0xb53cf00000 of 1048576 bytes failed: Only part of a ReadProcessMemory or WriteProcessMemory request was completed. (0x12B)
[0408/230634.261:ERROR:process_memory_win.cc(73)] ReadMemory at 0xb534e9f000 of 852 bytes failed: Only part of a ReadProcessMemory or WriteProcessMemory request was completed. (0x12B)
[0408/230634.261:ERROR:process_memory_win.cc(73)] ReadMemory at 0xb534ebe000 of 6024 bytes failed: Only part of a ReadProcessMemory or WriteProcessMemory request was completed. (0x12B)
[0408/230634.262:ERROR:process_memory_win.cc(73)] ReadMemory at 0x22519e70fe0 of 25790 bytes failed: Only part of a ReadProcessMemory or WriteProcessMemory request was completed. (0x12B)
[0408/230634.262:ERROR:process_memory_win.cc(73)] ReadMemory at 0x22519e774b0 of 1012 bytes failed: Only part of a ReadProcessMemory or WriteProcessMemory request was completed. (0x12B)
[0408/230634.262:ERROR:process_memory_win.cc(73)] ReadMemory at 0x22519e77af8 of 118 bytes failed: Only part of a ReadProcessMemory or WriteProcessMemory request was completed. (0x12B)
[0408/230634.262:ERROR:process_memory_win.cc(73)] ReadMemory at 0x22519e77b70 of 1306 bytes failed: Only part of a ReadProcessMemory or WriteProcessMemory request was completed. (0x12B)
[0408/230634.262:ERROR:process_memory_win.cc(73)] ReadMemory at 0x22519e7808c of 118 bytes failed: Only part of a ReadProcessMemory or WriteProcessMemory request was completed. (0x12B)
[0408/230634.262:ERROR:process_memory_win.cc(73)] ReadMemory at 0x22519e78104 of 102 bytes failed: Only part of a ReadProcessMemory or WriteProcessMemory request was completed. (0x12B)
[0408/230634.262:ERROR:process_memory_win.cc(73)] ReadMemory at 0x22519e78180 of 58 bytes failed: Only part of a ReadProcessMemory or WriteProcessMemory request was completed. (0x12B)
[0408/230634.263:ERROR:process_memory_win.cc(73)] ReadMemory at 0x22519e78280 of 132 bytes failed: Only part of a ReadProcessMemory or WriteProcessMemory request was completed. (0x12B)
[0408/230634.263:ERROR:process_memory_win.cc(73)] ReadMemory at 0x22519e78410 of 132 bytes failed: Only part of a ReadProcessMemory or WriteProcessMemory request was completed. (0x12B)
[0408/230634.263:ERROR:process_memory_win.cc(73)] ReadMemory at 0x22519e785d0 of 126 bytes failed: Only part of a ReadProcessMemory or WriteProcessMemory request was completed. (0x12B)
[0408/230634.263:ERROR:process_memory_win.cc(73)] ReadMemory at 0x22519e789b0 of 132 bytes failed: Only part of a ReadProcessMemory or WriteProcessMemory request was completed. (0x12B)
[0408/230634.263:ERROR:process_memory_win.cc(73)] ReadMemory at 0x22519e78b40 of 64 bytes failed: Only part of a ReadProcessMemory or WriteProcessMemory request was completed. (0x12B)
[0408/230634.264:ERROR:process_memory_win.cc(73)] ReadMemory at 0x22519e78b90 of 132 bytes failed: Only part of a ReadProcessMemory or WriteProcessMemory request was completed. (0x12B)
[0408/230634.264:ERROR:process_memory_win.cc(73)] ReadMemory at 0x22519e78d00 of 132 bytes failed: Only part of a ReadProcessMemory or WriteProcessMemory request was completed. (0x12B)
[0408/230634.264:ERROR:process_memory_win.cc(73)] ReadMemory at 0x22519e78fa0 of 132 bytes failed: Only part of a ReadProcessMemory or WriteProcessMemory request was completed. (0x12B)
[0408/230634.264:ERROR:process_memory_win.cc(73)] ReadMemory at 0x22519e79130 of 68 bytes failed: Only part of a ReadProcessMemory or WriteProcessMemory request was completed. (0x12B)
[0408/230634.264:ERROR:process_memory_win.cc(73)] ReadMemory at 0x22519e7a310 of 132 bytes failed: Only part of a ReadProcessMemory or WriteProcessMemory request was completed. (0x12B)
[0408/230634.264:ERROR:process_memory_win.cc(73)] ReadMemory at 0x22519e7a4a0 of 154 bytes failed: Only part of a ReadProcessMemory or WriteProcessMemory request was completed. (0x12B)
[0408/230634.265:ERROR:process_memory_win.cc(73)] ReadMemory at 0x22519e7b08c of 512 bytes failed: Only part of a ReadProcessMemory or WriteProcessMemory request was completed. (0x12B)
[0408/230634.265:ERROR:process_memory_win.cc(73)] ReadMemory at 0x22519e7c130 of 132 bytes failed: Only part of a ReadProcessMemory or WriteProcessMemory request was completed. (0x12B)
[0408/230634.265:ERROR:process_memory_win.cc(73)] ReadMemory at 0x22519e7c2c0 of 80 bytes failed: Only part of a ReadProcessMemory or WriteProcessMemory request was completed. (0x12B)
[0408/230634.265:ERROR:process_memory_win.cc(73)] ReadMemory at 0x22519e7d6a0 of 62 bytes failed: Only part of a ReadProcessMemory or WriteProcessMemory request was completed. (0x12B)
[0408/230634.265:ERROR:process_memory_win.cc(73)] ReadMemory at 0x22519e7d6f0 of 146 bytes failed: Only part of a ReadProcessMemory or WriteProcessMemory request was completed. (0x12B)
[0408/230634.265:ERROR:process_memory_win.cc(73)] ReadMemory at 0x22519e7d7d0 of 132 bytes failed: Only part of a ReadProcessMemory or WriteProcessMemory request was completed. (0x12B)
[0408/230634.265:ERROR:process_memory_win.cc(73)] ReadMemory at 0x22519e7d960 of 60 bytes failed: Only part of a ReadProcessMemory or WriteProcessMemory request was completed. (0x12B)
